<?xml version="1.0" encoding="UTF-8"?>
<testng-results ignored="0" total="1" passed="1" failed="0" skipped="0">
  <reporter-output>
  </reporter-output>
  <suite started-at="2024-11-16T13:39:07 CST" name="Default suite" finished-at="2024-11-16T13:39:30 CST" duration-ms="22712">
    <groups>
    </groups>
    <test started-at="2024-11-16T13:39:07 CST" name="Default test" finished-at="2024-11-16T13:39:30 CST" duration-ms="22712">
      <class name="test.AddCustomerTest">
        <test-method signature="validUserShouldBeAbleToAddCustomer()[pri:0, instance:test.AddCustomerTest@4803b726]" started-at="2024-11-16T13:39:08 CST" name="validUserShouldBeAbleToAddCustomer" finished-at="2024-11-16T13:39:30 CST" duration-ms="22653" status="PASS">
          <reporter-output>
          </reporter-output>
        </test-method> <!-- validUserShouldBeAbleToAddCustomer -->
      </class> <!-- test.AddCustomerTest -->
    </test> <!-- Default test -->
  </suite> <!-- Default suite -->
</testng-results>
